<?xml version="1.0" encoding="UTF-8"?>
<testsuite name="file.ScoreBoardFileTest" tests="3" skipped="0" failures="0" errors="0" timestamp="2022-05-07T06:52:20" hostname="MacBook-Pro-2.local" time="0.021">
  <properties/>
  <testcase name="readScoreBoard()" classname="file.ScoreBoardFileTest" time="0.007"/>
  <testcase name="eraseFile()" classname="file.ScoreBoardFileTest" time="0.011"/>
  <testcase name="writeScoreBoard()" classname="file.ScoreBoardFileTest" time="0.001"/>
  <system-out><![CDATA[]]></system-out>
  <system-err><![CDATA[]]></system-err>
</testsuite>
