<?xml version="1.0" encoding="UTF-8"?>
<testsuite name="file.ScoreBoardFileTest" tests="3" skipped="0" failures="0" errors="0" timestamp="2022-05-07T07:59:04" hostname="MacBook-Pro-2.local" time="0.035">
  <properties/>
  <testcase name="readScoreBoard()" classname="file.ScoreBoardFileTest" time="0.019"/>
  <testcase name="eraseFile()" classname="file.ScoreBoardFileTest" time="0.013"/>
  <testcase name="writeScoreBoard()" classname="file.ScoreBoardFileTest" time="0.001"/>
  <system-out><![CDATA[]]></system-out>
  <system-err><![CDATA[]]></system-err>
</testsuite>
