<?xml version="1.0" encoding="UTF-8"?>
<testsuite name="game.FightBoardTest" tests="5" skipped="0" failures="0" errors="0" timestamp="2022-05-07T07:59:06" hostname="MacBook-Pro-2.local" time="0.04">
  <properties/>
  <testcase name="moveDown" classname="game.FightBoardTest" time="0.007"/>
  <testcase name="moveLeft" classname="game.FightBoardTest" time="0.006"/>
  <testcase name="moveRight" classname="game.FightBoardTest" time="0.003"/>
  <testcase name="newBlock" classname="game.FightBoardTest" time="0.002"/>
  <testcase name="rotateBlock" classname="game.FightBoardTest" time="0.02"/>
  <system-out><![CDATA[]]></system-out>
  <system-err><![CDATA[]]></system-err>
</testsuite>
