<?xml version="1.0" encoding="UTF-8"?>
<testsuite name="setting.ModeTest" tests="3" skipped="0" failures="0" errors="0" timestamp="2022-05-07T07:59:10" hostname="MacBook-Pro-2.local" time="0.011">
  <properties/>
  <testcase name="getRandomBlockNormalMode" classname="setting.ModeTest" time="0.004"/>
  <testcase name="getRandomBlockEasyMode" classname="setting.ModeTest" time="0.004"/>
  <testcase name="getRandomBlockHardMode" classname="setting.ModeTest" time="0.003"/>
  <system-out><![CDATA[Normal Mode
[0] 979 [1] 967 [2] 975 [3] 973 [4] 933 [5] 984 [6] 989 

Easy Mode
[0] 1148 [1] 978 [2] 1038 [3] 1015 [4] 1003 [5] 1048 [6] 970 
Hard Mode
[0] 800 [1] 969 [2] 1012 [3] 1008 [4] 1044 [5] 957 [6] 1010 
]]></system-out>
  <system-err><![CDATA[]]></system-err>
</testsuite>
