<?xml version="1.0" encoding="UTF-8"?>
<testsuite name="game.itemModeTest" tests="5" skipped="0" failures="0" errors="0" timestamp="2022-05-08T14:29:13" hostname="MacBook-Pro-2.local" time="1.542">
  <properties/>
  <testcase name="eraseLine()" classname="game.itemModeTest" time="0.821"/>
  <testcase name="getItemBlockNormal()" classname="game.itemModeTest" time="0.268"/>
  <testcase name="setLines()" classname="game.itemModeTest" time="0.003"/>
  <testcase name="getItemBlockEasy()" classname="game.itemModeTest" time="0.22"/>
  <testcase name="getItemBlockHard()" classname="game.itemModeTest" time="0.23"/>
  <system-out><![CDATA[NORMAL
countBlock: 
[0] 28802 [1] 28480 [2] 28586 [3] 28545 [4] 28745 [5] 28592 [6] 28444 [7] 200137 [8] 199852 [9] 199795 [10] 200022 
countPositionBlock: 
[0] 52552 [1] 50048 [2] 49223 [3] 48371 [4] 0 [5] 0 NORMAL
countBlock: 
[0] 28448 [1] 28555 [2] 28817 [3] 28479 [4] 28664 [5] 28552 [6] 28644 [7] 200124 [8] 200004 [9] 199837 [10] 199876 
countPositionBlock: 
[0] 50790 [1] 50892 [2] 49598 [3] 48879 [4] 0 [5] 0 NORMAL
countBlock: 
[0] 28507 [1] 28847 [2] 28437 [3] 28472 [4] 28429 [5] 28605 [6] 28568 [7] 200433 [8] 199555 [9] 200241 [10] 199906 
countPositionBlock: 
[0] 50990 [1] 50111 [2] 50376 [3] 48388 [4] 0 [5] 0 ]]></system-out>
  <system-err><![CDATA[]]></system-err>
</testsuite>
