<?xml version="1.0" encoding="UTF-8"?>
<testsuite name="game.FightBoardTest" tests="5" skipped="0" failures="0" errors="0" timestamp="2022-05-08T14:29:15" hostname="MacBook-Pro-2.local" time="0.038">
  <properties/>
  <testcase name="moveDown" classname="game.FightBoardTest" time="0.01"/>
  <testcase name="moveLeft" classname="game.FightBoardTest" time="0.005"/>
  <testcase name="moveRight" classname="game.FightBoardTest" time="0.008"/>
  <testcase name="newBlock" classname="game.FightBoardTest" time="0.002"/>
  <testcase name="rotateBlock" classname="game.FightBoardTest" time="0.013"/>
  <system-out><![CDATA[]]></system-out>
  <system-err><![CDATA[]]></system-err>
</testsuite>
