<?xml version="1.0" encoding="UTF-8"?>
<testsuite name="file.ScoreBoardFileTest" tests="3" skipped="0" failures="0" errors="0" timestamp="2022-05-08T14:29:13" hostname="MacBook-Pro-2.local" time="0.029">
  <properties/>
  <testcase name="readScoreBoard()" classname="file.ScoreBoardFileTest" time="0.014"/>
  <testcase name="eraseFile()" classname="file.ScoreBoardFileTest" time="0.012"/>
  <testcase name="writeScoreBoard()" classname="file.ScoreBoardFileTest" time="0.002"/>
  <system-out><![CDATA[]]></system-out>
  <system-err><![CDATA[]]></system-err>
</testsuite>
