<?xml version="1.0" encoding="UTF-8"?>
<testsuite name="setting.ModeTest" tests="3" skipped="0" failures="0" errors="0" timestamp="2022-05-08T14:29:18" hostname="MacBook-Pro-2.local" time="0.011">
  <properties/>
  <testcase name="getRandomBlockNormalMode" classname="setting.ModeTest" time="0.003"/>
  <testcase name="getRandomBlockEasyMode" classname="setting.ModeTest" time="0.005"/>
  <testcase name="getRandomBlockHardMode" classname="setting.ModeTest" time="0.003"/>
  <system-out><![CDATA[Normal Mode
[0] 964 [1] 1003 [2] 978 [3] 964 [4] 1028 [5] 949 [6] 914 

Easy Mode
[0] 1226 [1] 993 [2] 932 [3] 1010 [4] 1034 [5] 999 [6] 1006 
Hard Mode
[0] 773 [1] 1051 [2] 969 [3] 989 [4] 1010 [5] 1027 [6] 981 
]]></system-out>
  <system-err><![CDATA[]]></system-err>
</testsuite>
