<?xml version="1.0" encoding="UTF-8"?>
<testsuite name="game.KeySettingTest" tests="5" skipped="0" failures="0" errors="0" timestamp="2022-04-21T07:08:13" hostname="MacBook-Pro-2.local" time="0.436">
  <properties/>
  <testcase name="dropKeysettingTest" classname="game.KeySettingTest" time="0.368"/>
  <testcase name="rightKeysettingTest" classname="game.KeySettingTest" time="0.017"/>
  <testcase name="downKeysettingTest" classname="game.KeySettingTest" time="0.02"/>
  <testcase name="leftKeysettingTest" classname="game.KeySettingTest" time="0.016"/>
  <testcase name="upKeysettingTest" classname="game.KeySettingTest" time="0.015"/>
  <system-out><![CDATA[Normal mode
Normal mode
Normal mode
Normal mode
Normal mode
Normal mode
Normal mode
Normal mode
Normal mode
Normal mode
]]></system-out>
  <system-err><![CDATA[]]></system-err>
</testsuite>
