<?xml version="1.0" encoding="UTF-8"?>
<testsuite name="block.LBlockTest" tests="2" skipped="0" failures="0" errors="0" timestamp="2022-05-07T06:52:20" hostname="MacBook-Pro-2.local" time="0.003">
  <properties/>
  <testcase name="rotate()" classname="block.LBlockTest" time="0.003"/>
  <testcase name="getShape()" classname="block.LBlockTest" time="0.0"/>
  <system-out><![CDATA[]]></system-out>
  <system-err><![CDATA[]]></system-err>
</testsuite>
