<?xml version="1.0" encoding="UTF-8"?>
<testsuite name="setting.ModeTest" tests="2" skipped="0" failures="0" errors="0" timestamp="2022-04-18T06:39:07" hostname="jeongda-eun-ui-MacBookPro.local" time="0.076">
  <properties/>
  <testcase name="getRandomBlockEasyMode" classname="setting.ModeTest" time="0.07"/>
  <testcase name="getRandomBlockHardMode" classname="setting.ModeTest" time="0.006"/>
  <system-out><![CDATA[
Easy Mode
[0] 1205 [1] 974 [2] 1022 [3] 1008 [4] 1000 [5] 1012 [6] 979 
Hard Mode
[0] 825 [1] 945 [2] 1006 [3] 963 [4] 1021 [5] 984 [6] 1056 
]]></system-out>
  <system-err><![CDATA[]]></system-err>
</testsuite>
