<?xml version="1.0" encoding="UTF-8"?>
<testsuite name="setting.SettingMenuTest" tests="1" skipped="0" failures="0" errors="0" timestamp="2022-05-07T07:59:06" hostname="MacBook-Pro-2.local" time="0.013">
  <properties/>
  <testcase name="SettingMenu()" classname="setting.SettingMenuTest" time="0.013"/>
  <system-out><![CDATA[]]></system-out>
  <system-err><![CDATA[]]></system-err>
</testsuite>
