<?xml version="1.0" encoding="UTF-8"?>
<testsuite name="game.itemModeTest" tests="5" skipped="0" failures="0" errors="0" timestamp="2022-05-02T15:37:29" hostname="MacBook-Pro-2.local" time="2.528">
  <properties/>
  <testcase name="eraseLine()" classname="game.itemModeTest" time="1.492"/>
  <testcase name="getItemBlockNormal()" classname="game.itemModeTest" time="0.39"/>
  <testcase name="setLines()" classname="game.itemModeTest" time="0.027"/>
  <testcase name="getItemBlockEasy()" classname="game.itemModeTest" time="0.268"/>
  <testcase name="getItemBlockHard()" classname="game.itemModeTest" time="0.333"/>
  <system-out><![CDATA[NORMAL
countBlock: 
[0] 28559 [1] 28784 [2] 28275 [3] 28751 [4] 28882 [5] 28712 [6] 28659 [7] 200756 [8] 199216 [9] 199647 [10] 199759 
countPositionBlock: 
[0] 51832 [1] 49880 [2] 48397 [3] 50513 [4] 0 [5] 0 NORMAL
countBlock: 
[0] 28658 [1] 28345 [2] 28595 [3] 28583 [4] 28469 [5] 28448 [6] 28530 [7] 200146 [8] 199915 [9] 200078 [10] 200233 
countPositionBlock: 
[0] 49217 [1] 50236 [2] 49520 [3] 50655 [4] 0 [5] 0 NORMAL
countBlock: 
[0] 28574 [1] 28751 [2] 28765 [3] 28365 [4] 28186 [5] 28796 [6] 28686 [7] 199646 [8] 200193 [9] 199664 [10] 200374 
countPositionBlock: 
[0] 49227 [1] 49847 [2] 50241 [3] 50808 [4] 0 [5] 0 ]]></system-out>
  <system-err><![CDATA[]]></system-err>
</testsuite>
