<?xml version="1.0" encoding="UTF-8"?>
<testsuite name="game.GamePaneTest" tests="1" skipped="0" failures="0" errors="0" timestamp="2022-05-01T06:58:59" hostname="MacBook-Pro-2.local" time="0.33">
  <properties/>
  <testcase name="test()" classname="game.GamePaneTest" time="0.33"/>
  <system-out><![CDATA[]]></system-out>
  <system-err><![CDATA[]]></system-err>
</testsuite>
