<?xml version="1.0" encoding="UTF-8"?>
<testsuite name="game.NextBlockPaneTest" tests="1" skipped="0" failures="0" errors="0" timestamp="2022-05-02T15:37:32" hostname="MacBook-Pro-2.local" time="0.018">
  <properties/>
  <testcase name="placeBlock()" classname="game.NextBlockPaneTest" time="0.018"/>
  <system-out><![CDATA[]]></system-out>
  <system-err><![CDATA[]]></system-err>
</testsuite>
