<?xml version="1.0" encoding="UTF-8"?>
<testsuite name="game.GameBoardTest" tests="1" skipped="0" failures="0" errors="0" timestamp="2022-05-01T06:59:00" hostname="MacBook-Pro-2.local" time="0.032">
  <properties/>
  <testcase name="keyTest" classname="game.GameBoardTest" time="0.032"/>
  <system-out><![CDATA[]]></system-out>
  <system-err><![CDATA[]]></system-err>
</testsuite>
