<?xml version="1.0" encoding="UTF-8"?>
<testsuite name="game.KeySettingTest" tests="5" skipped="0" failures="0" errors="0" timestamp="2022-05-01T06:59:00" hostname="MacBook-Pro-2.local" time="0.105">
  <properties/>
  <testcase name="dropKeysettingTest" classname="game.KeySettingTest" time="0.036"/>
  <testcase name="rightKeysettingTest" classname="game.KeySettingTest" time="0.026"/>
  <testcase name="downKeysettingTest" classname="game.KeySettingTest" time="0.012"/>
  <testcase name="leftKeysettingTest" classname="game.KeySettingTest" time="0.017"/>
  <testcase name="upKeysettingTest" classname="game.KeySettingTest" time="0.014"/>
  <system-out><![CDATA[]]></system-out>
  <system-err><![CDATA[]]></system-err>
</testsuite>
