<?xml version="1.0" encoding="UTF-8"?>
<testsuite name="block.SBlockTest" tests="2" skipped="0" failures="0" errors="0" timestamp="2022-05-02T15:37:32" hostname="MacBook-Pro-2.local" time="0.025">
  <properties/>
  <testcase name="rotate()" classname="block.SBlockTest" time="0.0"/>
  <testcase name="getShape()" classname="block.SBlockTest" time="0.016"/>
  <system-out><![CDATA[]]></system-out>
  <system-err><![CDATA[]]></system-err>
</testsuite>
