<?xml version="1.0" encoding="UTF-8"?>
<testsuite name="game.FightBoardTest" tests="1" skipped="0" failures="0" errors="0" timestamp="2022-05-03T09:39:53" hostname="MacBook-Pro-2.local" time="1.319">
  <properties/>
  <testcase name="newBlock" classname="game.FightBoardTest" time="1.319"/>
  <system-out><![CDATA[]]></system-out>
  <system-err><![CDATA[]]></system-err>
</testsuite>
