<?xml version="1.0" encoding="UTF-8"?>
<testsuite name="block.WBlockTest" tests="3" skipped="0" failures="0" errors="0" timestamp="2022-05-02T15:37:32" hostname="MacBook-Pro-2.local" time="0.004">
  <properties/>
  <testcase name="rotate()" classname="block.WBlockTest" time="0.002"/>
  <testcase name="getItem()" classname="block.WBlockTest" time="0.0"/>
  <testcase name="getShape()" classname="block.WBlockTest" time="0.001"/>
  <system-out><![CDATA[]]></system-out>
  <system-err><![CDATA[]]></system-err>
</testsuite>
