<?xml version="1.0" encoding="UTF-8"?>
<testsuite name="setting.SettingMenuTest" tests="1" skipped="0" failures="0" errors="0" timestamp="2022-05-02T15:19:02" hostname="MacBook-Pro-2.local" time="1.317">
  <properties/>
  <testcase name="SettingMenu()" classname="setting.SettingMenuTest" time="1.317"/>
  <system-out><![CDATA[]]></system-out>
  <system-err><![CDATA[]]></system-err>
</testsuite>
